read(5, "!", 1)                         = 1
epoll_ctl(9, EPOLL_CTL_DEL, 4, 0x7fff9c6a03ac) = 0
write(11, "\1", 1)                      = 1
--- SIGTERM {si_signo=SIGTERM, si_code=SI_USER, si_pid=36045, si_uid=0} ---
rt_sigreturn({mask=~[ILL TRAP ABRT BUS FPE KILL SEGV PIPE TERM STOP SYS RTMIN RT_1]}) = 1
rt_sigprocmask(SIG_BLOCK, ~[], ~[ILL TRAP ABRT BUS FPE KILL SEGV PIPE TERM STOP SYS RTMIN RT_1], 8) = 0
rt_sigprocmask(SIG_SETMASK, ~[ILL TRAP ABRT BUS FPE KILL SEGV PIPE TERM STOP SYS RTMIN RT_1], NULL, 8) = 0
munmap(0x7f2c73864000, 8392704)         = 0
munmap(0x7f2c517fb000, 8392704)         = 0
munmap(0x7f2c73063000, 8392704)         = 0
munmap(0x7f2c72862000, 8392704)         = 0
munmap(0x7f2c72061000, 8392704)         = 0
munmap(0x7f2c7185e000, 8392704)         = 0
munmap(0x7f2c7105b000, 8392704)         = 0
munmap(0x7f2c70858000, 8392704)         = 0
munmap(0x7f2c70055000, 8392704)         = 0
munmap(0x7f2c6b7ff000, 8392704)         = 0
munmap(0x7f2c6affe000, 8392704)         = 0
munmap(0x7f2c6a7fd000, 8392704)         = 0
munmap(0x7f2c69ffc000, 8392704)         = 0
munmap(0x7f2c697fb000, 8392704)         = 0
munmap(0x7f2c68ffa000, 8392704)         = 0
munmap(0x7f2c687f9000, 8392704)         = 0
munmap(0x7f2c637ff000, 8392704)         = 0
munmap(0x7f2c62ffe000, 8392704)         = 0
munmap(0x7f2c627fd000, 8392704)         = 0
munmap(0x7f2c61ffc000, 8392704)         = 0
munmap(0x7f2c617fb000, 8392704)         = 0
munmap(0x7f2c60ffa000, 8392704)         = 0
munmap(0x7f2c607f9000, 8392704)         = 0
exit_group(0)                           = ?
+++ exited with 0 +++
